0 info it worked if it ends with ok
1 verbose cli [ '/usr/local/Cellar/node/7.0.0/bin/node',
1 verbose cli   '/usr/local/bin/npm',
1 verbose cli   'start' ]
2 info using npm@3.10.8
3 info using node@v7.0.0
4 verbose run-script [ 'prestart', 'start', 'poststart' ]
5 info lifecycle Ebyokola@1.0.0~prestart: Ebyokola@1.0.0
6 silly lifecycle Ebyokola@1.0.0~prestart: no script for prestart, continuing
7 info lifecycle Ebyokola@1.0.0~start: Ebyokola@1.0.0
8 verbose lifecycle Ebyokola@1.0.0~start: unsafe-perm in lifecycle true
9 verbose lifecycle Ebyokola@1.0.0~start: PATH: /usr/local/lib/node_modules/npm/bin/node-gyp-bin:/Users/gaamuwa/Projects/cp3/angular_front_end/node_modules/.bin:/usr/local/Cellar/node/7.0.0/bin:/usr/local/bin:/usr/bin:/bin:/usr/sbin:/sbin
10 verbose lifecycle Ebyokola@1.0.0~start: CWD: /Users/gaamuwa/Projects/cp3/angular_front_end
11 silly lifecycle Ebyokola@1.0.0~start: Args: [ '-c', 'http-server' ]
12 info lifecycle Ebyokola@1.0.0~start: Failed to exec start script
13 verbose stack Error: Ebyokola@1.0.0 start: `http-server`
13 verbose stack spawn ENOENT
13 verbose stack     at ChildProcess.<anonymous> (/usr/local/lib/node_modules/npm/lib/utils/spawn.js:33:16)
13 verbose stack     at emitTwo (events.js:106:13)
13 verbose stack     at ChildProcess.emit (events.js:191:7)
13 verbose stack     at maybeClose (internal/child_process.js:877:16)
13 verbose stack     at Process.ChildProcess._handle.onexit (internal/child_process.js:226:5)
14 verbose pkgid Ebyokola@1.0.0
15 verbose cwd /Users/gaamuwa/Projects/cp3/angular_front_end
16 error Darwin 16.3.0
17 error argv "/usr/local/Cellar/node/7.0.0/bin/node" "/usr/local/bin/npm" "start"
18 error node v7.0.0
19 error npm  v3.10.8
20 error file sh
21 error code ELIFECYCLE
22 error errno ENOENT
23 error syscall spawn
24 error Ebyokola@1.0.0 start: `http-server`
24 error spawn ENOENT
25 error Failed at the Ebyokola@1.0.0 start script 'http-server'.
25 error Make sure you have the latest version of node.js and npm installed.
25 error If you do, this is most likely a problem with the Ebyokola package,
25 error not with npm itself.
25 error Tell the author that this fails on your system:
25 error     http-server
25 error You can get information on how to open an issue for this project with:
25 error     npm bugs Ebyokola
25 error Or if that isn't available, you can get their info via:
25 error     npm owner ls Ebyokola
25 error There is likely additional logging output above.
26 verbose exit [ 1, true ]
